<?xml version="1.0" encoding="UTF-8"?>
<!-- Generated by org.testng.reporters.JUnitReportReporter -->
<testsuite hostname="adminisatorsmbp" failures="0" tests="12" name="pmTechExAutomation.TestCases.AccountActivationRegression" time="320.482" errors="0" timestamp="2023-09-06T18:46:45 PST" skipped="0">
  <testcase classname="pmTechExAutomation.TestCases.AccountActivationRegression" name="verifyAccountActivationThirdStepSuccessfulSubmit" time="48.950"/>
  <system-out/>
  <testcase classname="pmTechExAutomation.TestCases.AccountActivationRegression" name="verifyAccountActivationFirstStep" time="45.687"/>
  <system-out/>
  <testcase classname="pmTechExAutomation.TestCases.AccountActivationRegression" name="verifyUserLogin" time="16.261"/>
  <system-out/>
  <testcase classname="pmTechExAutomation.TestCases.AccountActivationRegression" name="verifyAccountActivationThirdStepChooseBusinessType" time="0.704"/>
  <system-out/>
  <testcase classname="pmTechExAutomation.TestCases.AccountActivationRegression" name="verifyAccountActivationThirdStepBusinessFormInitialValues" time="15.226"/>
  <system-out/>
  <testcase classname="pmTechExAutomation.TestCases.AccountActivationRegression" name="verifyAccountActivationSecondStep" time="16.223"/>
  <system-out/>
  <testcase classname="pmTechExAutomation.TestCases.AccountActivationRegression" name="verifyAccountActivationSecondStepErrorHandling" time="35.956"/>
  <system-out/>
  <testcase classname="pmTechExAutomation.TestCases.AccountActivationRegression" name="verifyFourthStepStatementOfAcceptanceLinks" time="61.929"/>
  <system-out/>
  <testcase classname="pmTechExAutomation.TestCases.AccountActivationRegression" name="verifyFourthStepSubmitStatementOfAcceptance" time="16.936"/>
  <system-out/>
  <testcase classname="pmTechExAutomation.TestCases.AccountActivationRegression" name="verifyAccountActivationSecondStepSuccessfulSubmit" time="24.492"/>
  <system-out/>
  <testcase classname="pmTechExAutomation.TestCases.AccountActivationRegression" name="verifyAccountActivationThirdStepBusinessFormErrorHandling" time="19.400"/>
  <system-out/>
  <testcase classname="pmTechExAutomation.TestCases.AccountActivationRegression" name="verifyFourthStepStatementOfAcceptanceErrorHandling" time="18.718"/>
  <system-out/>
</testsuite> <!-- pmTechExAutomation.TestCases.AccountActivationRegression -->
