<?xml version="1.0" encoding="UTF-8"?>
<!-- Generated by org.testng.reporters.JUnitReportReporter -->
<testsuite hostname="adminisatorsmbp" failures="0" tests="9" name="pmTechExAutomation.TestCases.AccountActivationRegression" time="62.504" errors="0" timestamp="2023-09-05T18:30:41 PST" skipped="0">
  <testcase classname="pmTechExAutomation.TestCases.AccountActivationRegression" name="verifyAccountActivationThirdStepChooseBusinessType" time="0.001"/>
  <system-out/>
  <testcase classname="pmTechExAutomation.TestCases.AccountActivationRegression" name="verifyAccountActivationThirdStepBusinessFormInitialValues" time="16.002"/>
  <system-out/>
  <testcase classname="pmTechExAutomation.TestCases.AccountActivationRegression" name="verifyAccountActivationSecondStepSuccessfulSubmit" time="0.000"/>
  <system-out/>
  <testcase classname="pmTechExAutomation.TestCases.AccountActivationRegression" name="verifyAccountActivationThirdStepSuccessfulSubmit" time="12.397"/>
  <system-out/>
  <testcase classname="pmTechExAutomation.TestCases.AccountActivationRegression" name="verifyAccountActivationFirstStep" time="0.000"/>
  <system-out/>
  <testcase classname="pmTechExAutomation.TestCases.AccountActivationRegression" name="verifyAccountActivationThirdStepBusinessFormErrorHandling" time="16.473"/>
  <system-out/>
  <testcase classname="pmTechExAutomation.TestCases.AccountActivationRegression" name="verifyUserLoginIn" time="17.630"/>
  <system-out/>
  <testcase classname="pmTechExAutomation.TestCases.AccountActivationRegression" name="verifyAccountActivationSecondStep" time="0.000"/>
  <system-out/>
  <testcase classname="pmTechExAutomation.TestCases.AccountActivationRegression" name="verifyAccountActivationSecondStepErrorHandling" time="0.001"/>
  <system-out/>
</testsuite> <!-- pmTechExAutomation.TestCases.AccountActivationRegression -->
