<?xml version="1.0" encoding="UTF-8"?>
<!-- Generated by org.testng.reporters.JUnitReportReporter -->
<testsuite hostname="adminisatorsmbp" failures="0" tests="12" name="pmTechExAutomation.TestCases.AccountActivationRegression" time="173.919" errors="0" timestamp="2023-09-07T11:27:32 PST" skipped="0">
  <testcase classname="pmTechExAutomation.TestCases.AccountActivationRegression" name="verifyAccountActivationThirdStepChooseBusinessType" time="2.220"/>
  <system-out/>
  <testcase classname="pmTechExAutomation.TestCases.AccountActivationRegression" name="verifyFourthStepStatementOfAcceptanceLinks" time="61.835"/>
  <system-out/>
  <testcase classname="pmTechExAutomation.TestCases.AccountActivationRegression" name="verifyFourthStepStatementOfAcceptanceErrorHandling" time="4.893"/>
  <system-out/>
  <testcase classname="pmTechExAutomation.TestCases.AccountActivationRegression" name="verifyAccountActivationFirstStep" time="38.997"/>
  <system-out/>
  <testcase classname="pmTechExAutomation.TestCases.AccountActivationRegression" name="verifyAccountActivationSecondStep" time="1.015"/>
  <system-out/>
  <testcase classname="pmTechExAutomation.TestCases.AccountActivationRegression" name="verifyAccountActivationThirdStepSuccessfulSubmit" time="11.884"/>
  <system-out/>
  <testcase classname="pmTechExAutomation.TestCases.AccountActivationRegression" name="verifyAccountActivationSecondStepErrorHandling" time="10.693"/>
  <system-out/>
  <testcase classname="pmTechExAutomation.TestCases.AccountActivationRegression" name="verifyFourthStepSubmitStatementOfAcceptance" time="6.957"/>
  <system-out/>
  <testcase classname="pmTechExAutomation.TestCases.AccountActivationRegression" name="verifyAccountActivationThirdStepBusinessFormInitialValues" time="5.033"/>
  <system-out/>
  <testcase classname="pmTechExAutomation.TestCases.AccountActivationRegression" name="verifyUserLogin" time="16.207"/>
  <system-out/>
  <testcase classname="pmTechExAutomation.TestCases.AccountActivationRegression" name="verifyAccountActivationSecondStepSuccessfulSubmit" time="7.728"/>
  <system-out/>
  <testcase classname="pmTechExAutomation.TestCases.AccountActivationRegression" name="verifyAccountActivationThirdStepBusinessFormErrorHandling" time="6.457"/>
  <system-out/>
</testsuite> <!-- pmTechExAutomation.TestCases.AccountActivationRegression -->
