<?xml version="1.0" encoding="UTF-8"?>
<!-- Generated by org.testng.reporters.JUnitReportReporter -->
<testsuite hostname="adminisatorsmbp" failures="0" tests="1" name="pmTechExAutomation.TestCases.AccountActivationRegression" time="0.011" errors="0" timestamp="2023-09-04T11:00:24 PST" skipped="0">
  <testcase classname="pmTechExAutomation.TestCases.AccountActivationRegression" name="sampleTest" time="0.011"/>
  <system-out/>
</testsuite> <!-- pmTechExAutomation.TestCases.AccountActivationRegression -->
